Vivado Simulator 2018.3
Copyright 1986-1999, 2001-2018 Xilinx, Inc. All Rights Reserved.
Running: D:/Xilinx/Vivado/2018.3/bin/unwrapped/win64.o/xelab.exe -wto aa1ed3c882064794a3129d8f7869bd3c --incr --debug typical --relax --mt 2 -L xil_defaultlib -L unisims_ver -L unimacro_ver -L secureip --snapshot Top_tb_behav xil_defaultlib.Top_tb xil_defaultlib.glbl -log elaborate.log 
Using 2 slave threads.
Starting static elaboration
Completed static elaboration
Starting simulation data flow analysis
Completed simulation data flow analysis
Time Resolution for simulation is 1ps
Compiling module xil_defaultlib.InstMemory
Compiling module xil_defaultlib.Mux
Compiling module xil_defaultlib.Ctr
Compiling module xil_defaultlib.Mux_
Compiling module xil_defaultlib.Registers
Compiling module xil_defaultlib.signext
Compiling module xil_defaultlib.Aluctr
Compiling module xil_defaultlib.Alu
Compiling module xil_defaultlib.dataMemory
Compiling module xil_defaultlib.Top
Compiling module xil_defaultlib.Top_tb
Compiling module xil_defaultlib.glbl
Built simulation snapshot Top_tb_behav
