#-----------------------------------------------------------
# Vivado v2018.3 (64-bit)
# SW Build 2405991 on Thu Dec  6 23:38:27 MST 2018
# IP Build 2404404 on Fri Dec  7 01:43:56 MST 2018
# Start of session at: Sat Apr 24 20:42:04 2021
# Process ID: 60844
# Current directory: D:/Github/Computer-Architecture/Polaris_519030910245/Polaris_519030910245/lab05
# Command line: vivado.exe -gui_launcher_event rodinguilauncherevent52300 D:\Github\Computer-Architecture\Polaris_519030910245\Polaris_519030910245\lab05\lab05.xpr
# Log file: D:/Github/Computer-Architecture/Polaris_519030910245/Polaris_519030910245/lab05/vivado.log
# Journal file: D:/Github/Computer-Architecture/Polaris_519030910245/Polaris_519030910245/lab05\vivado.jou
#-----------------------------------------------------------
start_gui
open_project D:/Github/Computer-Architecture/Polaris_519030910245/Polaris_519030910245/lab05/lab05.xpr
Scanning sources...
Finished scanning sources
INFO: [IP_Flow 19-234] Refreshing IP repositories
INFO: [IP_Flow 19-1704] No user IP repositories specified
INFO: [IP_Flow 19-2313] Loaded Vivado IP repository 'D:/Xilinx/Vivado/2018.3/data/ip'.
open_project: Time (s): cpu = 00:00:17 ; elapsed = 00:00:07 . Memory (MB): peak = 696.586 ; gain = 83.754
update_compile_order -fileset sources_1
launch_simulation
INFO: [Vivado 12-5682] Launching behavioral simulation in 'D:/Github/Computer-Architecture/Polaris_519030910245/Polaris_519030910245/lab05/lab05.sim/sim_1/behav/xsim'
INFO: [SIM-utils-51] Simulation object is 'sim_1'
INFO: [SIM-utils-54] Inspecting design source files for 'Top_tb' in fileset 'sim_1'...
INFO: [SIM-utils-43] Exported 'D:/Github/Computer-Architecture/Polaris_519030910245/Polaris_519030910245/lab05/lab05.sim/sim_1/behav/xsim/memfile.txt'
INFO: [SIM-utils-43] Exported 'D:/Github/Computer-Architecture/Polaris_519030910245/Polaris_519030910245/lab05/lab05.sim/sim_1/behav/xsim/instfile.txt'
INFO: [USF-XSim-97] Finding global include files...
INFO: [USF-XSim-98] Fetching design files from 'sim_1'...
INFO: [USF-XSim-2] XSim::Compile design
INFO: [USF-XSim-61] Executing 'COMPILE and ANALYZE' step in 'D:/Github/Computer-Architecture/Polaris_519030910245/Polaris_519030910245/lab05/lab05.sim/sim_1/behav/xsim'
"xvlog --incr --relax -prj Top_tb_vlog.prj"
INFO: [USF-XSim-69] 'compile' step finished in '2' seconds
INFO: [USF-XSim-3] XSim::Elaborate design
INFO: [USF-XSim-61] Executing 'ELABORATE' step in 'D:/Github/Computer-Architecture/Polaris_519030910245/Polaris_519030910245/lab05/lab05.sim/sim_1/behav/xsim'
Vivado Simulator 2018.3
Copyright 1986-1999, 2001-2018 Xilinx, Inc. All Rights Reserved.
Running: D:/Xilinx/Vivado/2018.3/bin/unwrapped/win64.o/xelab.exe -wto d1a6b89635584787a44725164ea3b8f5 --incr --debug typical --relax --mt 2 -L xil_defaultlib -L unisims_ver -L unimacro_ver -L secureip --snapshot Top_tb_behav xil_defaultlib.Top_tb xil_defaultlib.glbl -log elaborate.log 
Using 2 slave threads.
Starting static elaboration
Completed static elaboration
INFO: [XSIM 43-4323] No Change in HDL. Linking previously generated obj files to create kernel
INFO: [USF-XSim-69] 'elaborate' step finished in '2' seconds
INFO: [USF-XSim-4] XSim::Simulate design
INFO: [USF-XSim-61] Executing 'SIMULATE' step in 'D:/Github/Computer-Architecture/Polaris_519030910245/Polaris_519030910245/lab05/lab05.sim/sim_1/behav/xsim'
INFO: [USF-XSim-98] *** Running xsim
   with args "Top_tb_behav -key {Behavioral:sim_1:Functional:Top_tb} -tclbatch {Top_tb.tcl} -view {D:/Github/Computer-Architecture/Polaris_519030910245/Polaris_519030910245/lab05/Top_tb_behav.wcfg} -log {simulate.log}"
INFO: [USF-XSim-8] Loading simulator feature
Vivado Simulator 2018.3
Time resolution is 1 ps
open_wave_config D:/Github/Computer-Architecture/Polaris_519030910245/Polaris_519030910245/lab05/Top_tb_behav.wcfg
source Top_tb.tcl
# set curr_wave [current_wave_config]
# if { [string length $curr_wave] == 0 } {
#   if { [llength [get_objects]] > 0} {
#     add_wave /
#     set_property needs_save false [current_wave_config]
#   } else {
#      send_msg_id Add_Wave-1 WARNING "No top level signals found. Simulator will start without a wave window. If you want to open a wave window go to 'File->New Waveform Configuration' or type 'create_wave_config' in the TCL console."
#   }
# }
# run 1000ns
INFO: [USF-XSim-96] XSim completed. Design snapshot 'Top_tb_behav' loaded.
INFO: [USF-XSim-97] XSim simulation ran for 1000ns
launch_simulation: Time (s): cpu = 00:00:08 ; elapsed = 00:00:08 . Memory (MB): peak = 719.590 ; gain = 13.598
relaunch_sim
INFO: [Vivado 12-5682] Launching behavioral simulation in 'D:/Github/Computer-Architecture/Polaris_519030910245/Polaris_519030910245/lab05/lab05.sim/sim_1/behav/xsim'
INFO: [SIM-utils-51] Simulation object is 'sim_1'
INFO: [SIM-utils-54] Inspecting design source files for 'Top_tb' in fileset 'sim_1'...
INFO: [SIM-utils-43] Exported 'D:/Github/Computer-Architecture/Polaris_519030910245/Polaris_519030910245/lab05/lab05.sim/sim_1/behav/xsim/memfile.txt'
INFO: [SIM-utils-43] Exported 'D:/Github/Computer-Architecture/Polaris_519030910245/Polaris_519030910245/lab05/lab05.sim/sim_1/behav/xsim/instfile.txt'
INFO: [USF-XSim-97] Finding global include files...
INFO: [USF-XSim-98] Fetching design files from 'sim_1'...
INFO: [USF-XSim-2] XSim::Compile design
INFO: [USF-XSim-61] Executing 'COMPILE and ANALYZE' step in 'D:/Github/Computer-Architecture/Polaris_519030910245/Polaris_519030910245/lab05/lab05.sim/sim_1/behav/xsim'
"xvlog --incr --relax -prj Top_tb_vlog.prj"
INFO: [USF-XSim-69] 'compile' step finished in '1' seconds
INFO: [Vivado 12-5682] Launching behavioral simulation in 'D:/Github/Computer-Architecture/Polaris_519030910245/Polaris_519030910245/lab05/lab05.sim/sim_1/behav/xsim'
INFO: [USF-XSim-3] XSim::Elaborate design
INFO: [USF-XSim-61] Executing 'ELABORATE' step in 'D:/Github/Computer-Architecture/Polaris_519030910245/Polaris_519030910245/lab05/lab05.sim/sim_1/behav/xsim'
Vivado Simulator 2018.3
Copyright 1986-1999, 2001-2018 Xilinx, Inc. All Rights Reserved.
Running: D:/Xilinx/Vivado/2018.3/bin/unwrapped/win64.o/xelab.exe -wto d1a6b89635584787a44725164ea3b8f5 --incr --debug typical --relax --mt 2 -L xil_defaultlib -L unisims_ver -L unimacro_ver -L secureip --snapshot Top_tb_behav xil_defaultlib.Top_tb xil_defaultlib.glbl -log elaborate.log 
Using 2 slave threads.
Starting static elaboration
Completed static elaboration
INFO: [XSIM 43-4323] No Change in HDL. Linking previously generated obj files to create kernel
INFO: [USF-XSim-69] 'elaborate' step finished in '2' seconds
Vivado Simulator 2018.3
Time resolution is 1 ps
relaunch_sim: Time (s): cpu = 00:00:02 ; elapsed = 00:00:09 . Memory (MB): peak = 734.031 ; gain = 0.000
relaunch_sim
INFO: [Vivado 12-5682] Launching behavioral simulation in 'D:/Github/Computer-Architecture/Polaris_519030910245/Polaris_519030910245/lab05/lab05.sim/sim_1/behav/xsim'
INFO: [SIM-utils-51] Simulation object is 'sim_1'
INFO: [SIM-utils-54] Inspecting design source files for 'Top_tb' in fileset 'sim_1'...
INFO: [SIM-utils-43] Exported 'D:/Github/Computer-Architecture/Polaris_519030910245/Polaris_519030910245/lab05/lab05.sim/sim_1/behav/xsim/memfile.txt'
INFO: [SIM-utils-43] Exported 'D:/Github/Computer-Architecture/Polaris_519030910245/Polaris_519030910245/lab05/lab05.sim/sim_1/behav/xsim/instfile.txt'
INFO: [USF-XSim-97] Finding global include files...
INFO: [USF-XSim-98] Fetching design files from 'sim_1'...
INFO: [USF-XSim-2] XSim::Compile design
INFO: [USF-XSim-61] Executing 'COMPILE and ANALYZE' step in 'D:/Github/Computer-Architecture/Polaris_519030910245/Polaris_519030910245/lab05/lab05.sim/sim_1/behav/xsim'
"xvlog --incr --relax -prj Top_tb_vlog.prj"
INFO: [USF-XSim-69] 'compile' step finished in '1' seconds
INFO: [Vivado 12-5682] Launching behavioral simulation in 'D:/Github/Computer-Architecture/Polaris_519030910245/Polaris_519030910245/lab05/lab05.sim/sim_1/behav/xsim'
INFO: [USF-XSim-3] XSim::Elaborate design
INFO: [USF-XSim-61] Executing 'ELABORATE' step in 'D:/Github/Computer-Architecture/Polaris_519030910245/Polaris_519030910245/lab05/lab05.sim/sim_1/behav/xsim'
Vivado Simulator 2018.3
Copyright 1986-1999, 2001-2018 Xilinx, Inc. All Rights Reserved.
Running: D:/Xilinx/Vivado/2018.3/bin/unwrapped/win64.o/xelab.exe -wto d1a6b89635584787a44725164ea3b8f5 --incr --debug typical --relax --mt 2 -L xil_defaultlib -L unisims_ver -L unimacro_ver -L secureip --snapshot Top_tb_behav xil_defaultlib.Top_tb xil_defaultlib.glbl -log elaborate.log 
Using 2 slave threads.
Starting static elaboration
Completed static elaboration
INFO: [XSIM 43-4323] No Change in HDL. Linking previously generated obj files to create kernel
INFO: [USF-XSim-69] 'elaborate' step finished in '2' seconds
Vivado Simulator 2018.3
Time resolution is 1 ps
relaunch_sim: Time (s): cpu = 00:00:02 ; elapsed = 00:00:06 . Memory (MB): peak = 739.488 ; gain = 0.000
close_sim
INFO: [Simtcl 6-16] Simulation closed
exit
INFO: [Common 17-206] Exiting Vivado at Sat Apr 24 21:05:03 2021...
